<?xml version="1.0" encoding="UTF-8"?>
<!-- Generated by org.testng.reporters.JUnitXMLReporter -->
<testsuite ignored="1" hostname="ALIPL0932.local" failures="0" tests="5" name="Test" time="0.061" errors="0" timestamp="2024-10-16T07:58:11 IST">
  <testcase classname="TestCases.TestNG.Billing" name="createBilling" time="0.007"/>
  <testcase classname="TestCases.TestNG.Billing" name="editBilling" time="0.002"/>
  <testcase classname="TestCases.TestNG.Billing" name="deleteBilling" time="0.002"/>
  <testcase classname="TestCases.TestNG.TestNGBasics" name="firstTest" time="0.001"/>
  <testcase classname="TestCases.TestNG.TestNGBasics" name="thirdTest" time="0.001"/>
  <testcase classname="TestCases.TestNG.TestNGBasics" name="secondTest" time="0.0">
    <ignored/>
  </testcase> <!-- secondTest -->
</testsuite> <!-- Test -->
